GROUP,PACKAGE,CLASS,INSTRUCTION_MISSED,INSTRUCTION_COVERED,BRANCH_MISSED,BRANCH_COVERED,LINE_MISSED,LINE_COVERED,COMPLEXITY_MISSED,COMPLEXITY_COVERED,METHOD_MISSED,METHOD_COVERED
yascl,com.antoine_tommy.ndarray,Ndim,0,54,0,10,0,16,0,11,0,6
yascl,com.antoine_tommy.ndarray,Shape,4,142,3,21,2,27,3,15,0,6
yascl,com.antoine_tommy.ndarray,Ndarray,164,925,22,96,31,164,23,83,8,36
yascl,com.antoine_tommy.ndarray,Dtype,7,232,1,42,1,61,1,36,0,6
yascl,com.antoine_tommy.ndarray,Operator,0,27,0,0,0,5,0,1,0,1
