GROUP,PACKAGE,CLASS,INSTRUCTION_MISSED,INSTRUCTION_COVERED,BRANCH_MISSED,BRANCH_COVERED,LINE_MISSED,LINE_COVERED,COMPLEXITY_MISSED,COMPLEXITY_COVERED,METHOD_MISSED,METHOD_COVERED
yascl,com.antoine_tommy.ndarray,Ndim,2,52,2,8,1,15,2,9,0,6
yascl,com.antoine_tommy.ndarray,Shape,4,142,3,21,2,27,3,15,0,6
yascl,com.antoine_tommy.ndarray,Ndarray,14,1075,6,112,2,194,7,99,1,43
yascl,com.antoine_tommy.ndarray,Dtype,7,223,1,39,1,58,1,36,0,6
yascl,com.antoine_tommy.ndarray,Operator,0,27,0,0,0,5,0,1,0,1
yascl,com.antoine_tommy,Demo,83,0,0,0,12,0,3,0,3,0
